<?xml version="1.0" encoding="UTF-8"?>
<testng-results skipped="0" failed="0" total="4" passed="4">
  <reporter-output>
  </reporter-output>
  <suite name="radhika-suite" duration-ms="47969" started-at="2021-01-09T12:19:15Z" finished-at="2021-01-09T12:20:03Z">
    <groups>
    </groups>
    <test name="radhika-test" duration-ms="47969" started-at="2021-01-09T12:19:15Z" finished-at="2021-01-09T12:20:03Z">
      <class name="myPack.Radhika">
        <test-method status="PASS" signature="addEmp()[pri:0, instance:myPack.Radhika@2752f6e2]" name="addEmp" duration-ms="36409" started-at="2021-01-09T17:49:15Z" finished-at="2021-01-09T17:49:51Z">
          <reporter-output>
          </reporter-output>
        </test-method> <!-- addEmp -->
        <test-method status="PASS" signature="deleteEmp()[pri:0, instance:myPack.Radhika@2752f6e2]" name="deleteEmp" duration-ms="3" started-at="2021-01-09T17:49:51Z" finished-at="2021-01-09T17:49:51Z">
          <reporter-output>
          </reporter-output>
        </test-method> <!-- deleteEmp -->
        <test-method status="PASS" signature="editEmp()[pri:0, instance:myPack.Radhika@2752f6e2]" name="editEmp" duration-ms="1" started-at="2021-01-09T17:49:51Z" finished-at="2021-01-09T17:49:51Z">
          <reporter-output>
          </reporter-output>
        </test-method> <!-- editEmp -->
        <test-method status="PASS" signature="verifyLogin()[pri:0, instance:myPack.Radhika@2752f6e2]" name="verifyLogin" duration-ms="11531" started-at="2021-01-09T17:49:51Z" finished-at="2021-01-09T17:50:03Z">
          <reporter-output>
          </reporter-output>
        </test-method> <!-- verifyLogin -->
      </class> <!-- myPack.Radhika -->
    </test> <!-- radhika-test -->
  </suite> <!-- radhika-suite -->
</testng-results>
